\BOOKMARK [0][-]{chapter.1}{\376\377\000A\000r\000i\000t\000h\000m\000e\000t\000i\000c}{}% 1
\BOOKMARK [1][-]{section.1.1}{\376\377\000A\000d\000d\000i\000t\000i\000o\000n}{chapter.1}% 2
\BOOKMARK [2][-]{subsection.1.1.1}{\376\377\000S\000t\000o\000r\000y}{section.1.1}% 3
\BOOKMARK [2][-]{subsection.1.1.2}{\376\377\000P\000r\000o\000b\000l\000e\000m}{section.1.1}% 4
\BOOKMARK [2][-]{subsection.1.1.3}{\376\377\000D\000e\000f\000i\000n\000i\000t\000i\000o\000n}{section.1.1}% 5
\BOOKMARK [2][-]{subsection.1.1.4}{\376\377\000G\000r\000a\000p\000h\000i\000c}{section.1.1}% 6
\BOOKMARK [1][-]{section.1.2}{\376\377\000M\000u\000l\000t\000i\000p\000l\000i\000c\000a\000t\000i\000o\000n}{chapter.1}% 7
\BOOKMARK [2][-]{subsection.1.2.1}{\376\377\000S\000t\000o\000r\000y}{section.1.2}% 8
\BOOKMARK [2][-]{subsection.1.2.2}{\376\377\000P\000r\000o\000b\000l\000e\000m}{section.1.2}% 9
\BOOKMARK [2][-]{subsection.1.2.3}{\376\377\000D\000e\000f\000i\000n\000i\000t\000i\000o\000n}{section.1.2}% 10
\BOOKMARK [2][-]{subsection.1.2.4}{\376\377\000G\000r\000a\000p\000h\000i\000c}{section.1.2}% 11
\BOOKMARK [1][-]{section.1.3}{\376\377\000N\000e\000g\000a\000t\000i\000v\000e\000\040\000N\000u\000m\000b\000e\000r\000s}{chapter.1}% 12
\BOOKMARK [2][-]{subsection.1.3.1}{\376\377\000S\000t\000o\000r\000y}{section.1.3}% 13
\BOOKMARK [2][-]{subsection.1.3.2}{\376\377\000P\000r\000o\000b\000l\000e\000m}{section.1.3}% 14
\BOOKMARK [2][-]{subsection.1.3.3}{\376\377\000D\000e\000f\000i\000n\000i\000t\000i\000o\000n}{section.1.3}% 15
\BOOKMARK [2][-]{subsection.1.3.4}{\376\377\000G\000r\000a\000p\000h\000i\000c}{section.1.3}% 16
\BOOKMARK [1][-]{section.1.4}{\376\377\000M\000u\000l\000t\000i\000p\000l\000e\000s\000\040\000o\000f\000\040\000a\000\040\000n\000e\000g\000a\000t\000i\000v\000e}{chapter.1}% 17
\BOOKMARK [2][-]{subsection.1.4.1}{\376\377\000S\000t\000o\000r\000y}{section.1.4}% 18
\BOOKMARK [2][-]{subsection.1.4.2}{\376\377\000P\000r\000o\000b\000l\000e\000m}{section.1.4}% 19
\BOOKMARK [2][-]{subsection.1.4.3}{\376\377\000D\000e\000f\000i\000n\000i\000t\000i\000o\000n}{section.1.4}% 20
\BOOKMARK [2][-]{subsection.1.4.4}{\376\377\000G\000r\000a\000p\000h\000i\000c}{section.1.4}% 21
\BOOKMARK [1][-]{section.1.5}{\376\377\000N\000e\000g\000a\000t\000i\000v\000e\000\040\000o\000f\000\040\000a\000\040\000N\000e\000g\000a\000t\000i\000v\000e}{chapter.1}% 22
\BOOKMARK [2][-]{subsection.1.5.1}{\376\377\000S\000t\000o\000r\000y}{section.1.5}% 23
\BOOKMARK [2][-]{subsection.1.5.2}{\376\377\000P\000r\000o\000b\000l\000e\000m}{section.1.5}% 24
\BOOKMARK [2][-]{subsection.1.5.3}{\376\377\000D\000e\000f\000i\000n\000i\000t\000i\000o\000n}{section.1.5}% 25
\BOOKMARK [2][-]{subsection.1.5.4}{\376\377\000G\000r\000a\000p\000h\000i\000c}{section.1.5}% 26
\BOOKMARK [1][-]{section.1.6}{\376\377\000M\000u\000l\000t\000i\000p\000l\000i\000c\000a\000t\000i\000o\000n\000\040\000T\000a\000b\000l\000e}{chapter.1}% 27
\BOOKMARK [0][-]{chapter.2}{\376\377\000P\000r\000o\000p\000e\000r\000t\000i\000e\000s}{}% 28
\BOOKMARK [1][-]{section.2.1}{\376\377\000A\000s\000s\000o\000c\000i\000a\000t\000i\000v\000i\000t\000y}{chapter.2}% 29
\BOOKMARK [2][-]{subsection.2.1.1}{\376\377\000S\000t\000o\000r\000y}{section.2.1}% 30
\BOOKMARK [2][-]{subsection.2.1.2}{\376\377\000P\000r\000o\000b\000l\000e\000m}{section.2.1}% 31
\BOOKMARK [2][-]{subsection.2.1.3}{\376\377\000D\000e\000f\000i\000n\000i\000t\000i\000o\000n}{section.2.1}% 32
\BOOKMARK [2][-]{subsection.2.1.4}{\376\377\000G\000r\000a\000p\000h\000i\000c}{section.2.1}% 33
\BOOKMARK [1][-]{section.2.2}{\376\377\000A\000d\000d\000i\000t\000i\000v\000e\000\040\000C\000o\000m\000m\000u\000t\000a\000t\000i\000v\000i\000t\000y}{chapter.2}% 34
\BOOKMARK [2][-]{subsection.2.2.1}{\376\377\000S\000t\000o\000r\000y}{section.2.2}% 35
\BOOKMARK [2][-]{subsection.2.2.2}{\376\377\000P\000r\000o\000b\000l\000e\000m}{section.2.2}% 36
\BOOKMARK [2][-]{subsection.2.2.3}{\376\377\000D\000e\000f\000i\000n\000i\000t\000i\000o\000n}{section.2.2}% 37
\BOOKMARK [2][-]{subsection.2.2.4}{\376\377\000G\000r\000a\000p\000h\000i\000c}{section.2.2}% 38
\BOOKMARK [1][-]{section.2.3}{\376\377\000D\000i\000s\000t\000r\000i\000b\000u\000t\000i\000v\000i\000t\000y}{chapter.2}% 39
\BOOKMARK [2][-]{subsection.2.3.1}{\376\377\000S\000t\000o\000r\000y}{section.2.3}% 40
\BOOKMARK [2][-]{subsection.2.3.2}{\376\377\000P\000r\000o\000b\000l\000e\000m}{section.2.3}% 41
\BOOKMARK [2][-]{subsection.2.3.3}{\376\377\000D\000e\000f\000i\000n\000i\000t\000i\000o\000n}{section.2.3}% 42
\BOOKMARK [2][-]{subsection.2.3.4}{\376\377\000G\000r\000a\000p\000h\000i\000c}{section.2.3}% 43
\BOOKMARK [1][-]{section.2.4}{\376\377\000M\000u\000l\000t\000i\000p\000l\000i\000c\000a\000t\000i\000v\000e\000\040\000C\000o\000m\000m\000u\000t\000a\000t\000i\000v\000i\000t\000y}{chapter.2}% 44
\BOOKMARK [2][-]{subsection.2.4.1}{\376\377\000S\000t\000o\000r\000y}{section.2.4}% 45
\BOOKMARK [2][-]{subsection.2.4.2}{\376\377\000P\000r\000o\000b\000l\000e\000m}{section.2.4}% 46
\BOOKMARK [2][-]{subsection.2.4.3}{\376\377\000D\000e\000f\000i\000n\000i\000t\000i\000o\000n}{section.2.4}% 47
\BOOKMARK [2][-]{subsection.2.4.4}{\376\377\000G\000r\000a\000p\000h\000i\000c}{section.2.4}% 48
\BOOKMARK [0][-]{chapter.3}{\376\377\000E\000s\000s\000e\000n\000t\000i\000a\000l\000\040\000A\000l\000g\000e\000b\000r\000a}{}% 49
\BOOKMARK [1][-]{section.3.1}{\376\377\000E\000q\000u\000a\000l\000i\000t\000y}{chapter.3}% 50
\BOOKMARK [2][-]{subsection.3.1.1}{\376\377\000S\000t\000o\000r\000y}{section.3.1}% 51
\BOOKMARK [2][-]{subsection.3.1.2}{\376\377\000P\000r\000o\000b\000l\000e\000m}{section.3.1}% 52
\BOOKMARK [2][-]{subsection.3.1.3}{\376\377\000D\000e\000f\000i\000n\000i\000t\000i\000o\000n}{section.3.1}% 53
\BOOKMARK [2][-]{subsection.3.1.4}{\376\377\000G\000r\000a\000p\000h\000i\000c}{section.3.1}% 54
\BOOKMARK [1][-]{section.3.2}{\376\377\000T\000h\000e\000\040\000E\000q\000u\000a\000l\000i\000t\000y\000\040\000R\000u\000l\000e}{chapter.3}% 55
\BOOKMARK [2][-]{subsection.3.2.1}{\376\377\000S\000t\000o\000r\000y}{section.3.2}% 56
\BOOKMARK [2][-]{subsection.3.2.2}{\376\377\000P\000r\000o\000b\000l\000e\000m}{section.3.2}% 57
\BOOKMARK [2][-]{subsection.3.2.3}{\376\377\000D\000e\000f\000i\000n\000i\000t\000i\000o\000n}{section.3.2}% 58
\BOOKMARK [2][-]{subsection.3.2.4}{\376\377\000G\000r\000a\000p\000h\000i\000c}{section.3.2}% 59
\BOOKMARK [1][-]{section.3.3}{\376\377\000V\000a\000r\000i\000a\000b\000l\000e\000s}{chapter.3}% 60
\BOOKMARK [2][-]{subsection.3.3.1}{\376\377\000S\000t\000o\000r\000y}{section.3.3}% 61
\BOOKMARK [2][-]{subsection.3.3.2}{\376\377\000P\000r\000o\000b\000l\000e\000m}{section.3.3}% 62
\BOOKMARK [2][-]{subsection.3.3.3}{\376\377\000D\000e\000f\000i\000n\000i\000t\000i\000o\000n}{section.3.3}% 63
\BOOKMARK [2][-]{subsection.3.3.4}{\376\377\000G\000r\000a\000p\000h\000i\000c}{section.3.3}% 64
\BOOKMARK [0][-]{chapter.4}{\376\377\000R\000a\000t\000i\000o\000s\000\040\000a\000n\000d\000\040\000F\000r\000a\000c\000t\000i\000o\000n\000s}{}% 65
\BOOKMARK [1][-]{section.4.1}{\376\377\000R\000a\000t\000i\000o\000s}{chapter.4}% 66
\BOOKMARK [2][-]{subsection.4.1.1}{\376\377\000S\000t\000o\000r\000y}{section.4.1}% 67
\BOOKMARK [2][-]{subsection.4.1.2}{\376\377\000P\000r\000o\000b\000l\000e\000m}{section.4.1}% 68
\BOOKMARK [2][-]{subsection.4.1.3}{\376\377\000D\000e\000f\000i\000n\000i\000t\000i\000o\000n}{section.4.1}% 69
\BOOKMARK [2][-]{subsection.4.1.4}{\376\377\000G\000r\000a\000p\000h\000i\000c}{section.4.1}% 70
\BOOKMARK [1][-]{section.4.2}{\376\377\000M\000u\000l\000t\000i\000p\000l\000y\000i\000n\000g\000\040\000w\000i\000t\000h\000\040\000F\000r\000a\000c\000t\000i\000o\000n\000s}{chapter.4}% 71
\BOOKMARK [2][-]{subsection.4.2.1}{\376\377\000S\000t\000o\000r\000y}{section.4.2}% 72
\BOOKMARK [2][-]{subsection.4.2.2}{\376\377\000P\000r\000o\000b\000l\000e\000m}{section.4.2}% 73
\BOOKMARK [2][-]{subsection.4.2.3}{\376\377\000D\000e\000f\000i\000n\000i\000t\000i\000o\000n}{section.4.2}% 74
\BOOKMARK [2][-]{subsection.4.2.4}{\376\377\000G\000r\000a\000p\000h\000i\000c}{section.4.2}% 75
\BOOKMARK [1][-]{section.4.3}{\376\377\000C\000o\000m\000p\000a\000r\000i\000n\000g\000\040\000F\000r\000a\000c\000t\000i\000o\000n\000s}{chapter.4}% 76
\BOOKMARK [2][-]{subsection.4.3.1}{\376\377\000S\000t\000o\000r\000y}{section.4.3}% 77
\BOOKMARK [2][-]{subsection.4.3.2}{\376\377\000P\000r\000o\000b\000l\000e\000m}{section.4.3}% 78
\BOOKMARK [2][-]{subsection.4.3.3}{\376\377\000D\000e\000f\000i\000n\000i\000t\000i\000o\000n}{section.4.3}% 79
\BOOKMARK [2][-]{subsection.4.3.4}{\376\377\000G\000r\000a\000p\000h\000i\000c}{section.4.3}% 80
\BOOKMARK [1][-]{section.4.4}{\376\377\000A\000d\000d\000i\000n\000g\000\040\000F\000r\000a\000c\000t\000i\000o\000n\000s}{chapter.4}% 81
\BOOKMARK [2][-]{subsection.4.4.1}{\376\377\000S\000t\000o\000r\000y}{section.4.4}% 82
\BOOKMARK [2][-]{subsection.4.4.2}{\376\377\000P\000r\000o\000b\000l\000e\000m}{section.4.4}% 83
\BOOKMARK [2][-]{subsection.4.4.3}{\376\377\000D\000e\000f\000i\000n\000i\000t\000i\000o\000n}{section.4.4}% 84
\BOOKMARK [2][-]{subsection.4.4.4}{\376\377\000G\000r\000a\000p\000h\000i\000c}{section.4.4}% 85
\BOOKMARK [0][-]{chapter.5}{\376\377\000R\000e\000c\000t\000a\000n\000g\000l\000e\000s\000,\000\040\000P\000e\000r\000i\000m\000e\000t\000e\000r\000,\000\040\000a\000n\000d\000\040\000A\000r\000e\000a}{}% 86
\BOOKMARK [1][-]{section.5.1}{\376\377\000A\000r\000e\000a\000\040\000o\000f\000\040\000R\000e\000c\000t\000a\000n\000g\000l\000e\000s}{chapter.5}% 87
\BOOKMARK [2][-]{subsection.5.1.1}{\376\377\000S\000t\000o\000r\000y}{section.5.1}% 88
\BOOKMARK [2][-]{subsection.5.1.2}{\376\377\000P\000r\000o\000b\000l\000e\000m}{section.5.1}% 89
\BOOKMARK [2][-]{subsection.5.1.3}{\376\377\000D\000e\000f\000i\000n\000i\000t\000i\000o\000n}{section.5.1}% 90
\BOOKMARK [2][-]{subsection.5.1.4}{\376\377\000G\000r\000a\000p\000h\000i\000c}{section.5.1}% 91
\BOOKMARK [1][-]{section.5.2}{\376\377\000A\000r\000e\000a\000\040\000o\000f\000\040\000S\000q\000u\000a\000r\000e\000\040\000E\000d\000g\000e\000\040\000T\000r\000i\000a\000n\000g\000l\000e\000s}{chapter.5}% 92
\BOOKMARK [2][-]{subsection.5.2.1}{\376\377\000S\000t\000o\000r\000y}{section.5.2}% 93
\BOOKMARK [2][-]{subsection.5.2.2}{\376\377\000P\000r\000o\000b\000l\000e\000m}{section.5.2}% 94
\BOOKMARK [2][-]{subsection.5.2.3}{\376\377\000D\000e\000f\000i\000n\000i\000t\000i\000o\000n}{section.5.2}% 95
\BOOKMARK [2][-]{subsection.5.2.4}{\376\377\000G\000r\000a\000p\000h\000i\000c}{section.5.2}% 96
\BOOKMARK [1][-]{section.5.3}{\376\377\000P\000y\000t\000h\000a\000g\000o\000r\000e\000a\000n\000\040\000T\000h\000e\000o\000r\000e\000m}{chapter.5}% 97
\BOOKMARK [2][-]{subsection.5.3.1}{\376\377\000S\000t\000o\000r\000y}{section.5.3}% 98
\BOOKMARK [2][-]{subsection.5.3.2}{\376\377\000P\000r\000o\000b\000l\000e\000m}{section.5.3}% 99
\BOOKMARK [2][-]{subsection.5.3.3}{\376\377\000D\000e\000f\000i\000n\000i\000t\000i\000o\000n}{section.5.3}% 100
\BOOKMARK [2][-]{subsection.5.3.4}{\376\377\000G\000r\000a\000p\000h\000i\000c}{section.5.3}% 101
\BOOKMARK [1][-]{section.5.4}{\376\377\000P\000e\000r\000i\000m\000e\000t\000e\000r\000\040\000o\000f\000\040\000a\000\040\000S\000h\000a\000p\000e}{chapter.5}% 102
\BOOKMARK [2][-]{subsection.5.4.1}{\376\377\000S\000t\000o\000r\000y}{section.5.4}% 103
\BOOKMARK [2][-]{subsection.5.4.2}{\376\377\000P\000r\000o\000b\000l\000e\000m}{section.5.4}% 104
\BOOKMARK [2][-]{subsection.5.4.3}{\376\377\000D\000e\000f\000i\000n\000i\000t\000i\000o\000n}{section.5.4}% 105
\BOOKMARK [2][-]{subsection.5.4.4}{\376\377\000G\000r\000a\000p\000h\000i\000c}{section.5.4}% 106
\BOOKMARK [1][-]{section.5.5}{\376\377\000S\000h\000o\000e\000l\000a\000c\000e\000\040\000T\000h\000e\000o\000r\000e\000m}{chapter.5}% 107
\BOOKMARK [0][-]{chapter.6}{\376\377\000C\000i\000r\000c\000l\000e\000s\000\040\000a\000n\000d\000\040\000A\000n\000g\000l\000e\000s}{}% 108
\BOOKMARK [1][-]{section.6.1}{\376\377\000A\000n\000g\000l\000e\000s}{chapter.6}% 109
\BOOKMARK [2][-]{subsection.6.1.1}{\376\377\000S\000t\000o\000r\000y}{section.6.1}% 110
\BOOKMARK [2][-]{subsection.6.1.2}{\376\377\000P\000r\000o\000b\000l\000e\000m}{section.6.1}% 111
\BOOKMARK [2][-]{subsection.6.1.3}{\376\377\000D\000e\000f\000i\000n\000i\000t\000i\000o\000n}{section.6.1}% 112
\BOOKMARK [2][-]{subsection.6.1.4}{\376\377\000G\000r\000a\000p\000h\000i\000c}{section.6.1}% 113
\BOOKMARK [1][-]{section.6.2}{\376\377\000D\000r\000a\000w\000i\000n\000g\000\040\000a\000\040\000s\000i\000n\000g\000l\000e\000\040\000C\000i\000r\000c\000l\000e}{chapter.6}% 114
\BOOKMARK [2][-]{subsection.6.2.1}{\376\377\000S\000t\000o\000r\000y}{section.6.2}% 115
\BOOKMARK [2][-]{subsection.6.2.2}{\376\377\000P\000r\000o\000b\000l\000e\000m}{section.6.2}% 116
\BOOKMARK [2][-]{subsection.6.2.3}{\376\377\000D\000e\000f\000i\000n\000i\000t\000i\000o\000n}{section.6.2}% 117
\BOOKMARK [2][-]{subsection.6.2.4}{\376\377\000G\000r\000a\000p\000h\000i\000c}{section.6.2}% 118
\BOOKMARK [1][-]{section.6.3}{\376\377\000P\000e\000r\000i\000m\000e\000t\000e\000r\000\040\000o\000f\000\040\000a\000\040\000C\000i\000r\000c\000l\000e}{chapter.6}% 119
\BOOKMARK [2][-]{subsection.6.3.1}{\376\377\000S\000t\000o\000r\000y}{section.6.3}% 120
\BOOKMARK [2][-]{subsection.6.3.2}{\376\377\000P\000r\000o\000b\000l\000e\000m}{section.6.3}% 121
\BOOKMARK [2][-]{subsection.6.3.3}{\376\377\000D\000e\000f\000i\000n\000i\000t\000i\000o\000n}{section.6.3}% 122
\BOOKMARK [2][-]{subsection.6.3.4}{\376\377\000G\000r\000a\000p\000h\000i\000c}{section.6.3}% 123
\BOOKMARK [1][-]{section.6.4}{\376\377\000T\000r\000i\000g\000o\000n\000o\000m\000e\000t\000r\000i\000c\000\040\000F\000u\000n\000c\000t\000i\000o\000n\000s}{chapter.6}% 124
\BOOKMARK [2][-]{subsection.6.4.1}{\376\377\000S\000t\000o\000r\000y}{section.6.4}% 125
\BOOKMARK [2][-]{subsection.6.4.2}{\376\377\000P\000r\000o\000b\000l\000e\000m}{section.6.4}% 126
\BOOKMARK [2][-]{subsection.6.4.3}{\376\377\000D\000e\000f\000i\000n\000i\000t\000i\000o\000n}{section.6.4}% 127
\BOOKMARK [2][-]{subsection.6.4.4}{\376\377\000G\000r\000a\000p\000h\000i\000c}{section.6.4}% 128
\BOOKMARK [1][-]{section.6.5}{\376\377\000T\000r\000i\000g\000o\000n\000o\000m\000e\000t\000r\000i\000c\000\040\000I\000d\000e\000n\000t\000i\000t\000i\000e\000s}{chapter.6}% 129
\BOOKMARK [2][-]{subsection.6.5.1}{\376\377\000S\000t\000o\000r\000y}{section.6.5}% 130
\BOOKMARK [2][-]{subsection.6.5.2}{\376\377\000P\000r\000o\000b\000l\000e\000m}{section.6.5}% 131
\BOOKMARK [2][-]{subsection.6.5.3}{\376\377\000D\000e\000f\000i\000n\000i\000t\000i\000o\000n}{section.6.5}% 132
\BOOKMARK [2][-]{subsection.6.5.4}{\376\377\000G\000r\000a\000p\000h\000i\000c}{section.6.5}% 133
