mktextfm RapidArrows
mktextfm RapidArrows
mktextfm RapidArrows
mktextfm RapidArrows/BI
mktextfm RapidArrows
mktextfm RapidArrows/B
mktextfm RapidArrows
mktextfm RapidArrows/I
mktextfm RapidArrows
mktextfm RapidArrows
mktextfm RapidArrows
mktextfm RapidArrows
mktextfm RapidArrows
mktextfm RapidArrows
mktextfm RapidArrows
mktextfm RapidArrows
mktextfm RapidArrows
mktextfm RapidArrows
mktextfm RapidArrows
mktextfm RapidArrows
mktextfm RapidArrows
mktextfm RapidArrows
mktextfm RapidArrows
mktextfm RapidArrows
mktextfm RapidArrows
mktextfm RapidArrows
mktextfm RapidArrows
mktextfm RapidArrows
mktextfm xkcd-script
mktextfm xkcd-script
mktextfm xkcd-script
mktextfm xkcd-script/BI
mktextfm xkcd-script
mktextfm xkcd-script/B
mktextfm xkcd-script
mktextfm xkcd-script/I
mktextfm xkcd-script
mktextfm xkcd-script
mktextfm xkcd-script
mktextfm xkcd-script
mktextfm xkcd-script
mktextfm xkcd-script/BI
mktextfm xkcd-script
mktextfm xkcd-script/B
mktextfm xkcd-script
mktextfm xkcd-script/I
mktextfm xkcd-script
mktextfm xkcd-script
mktextfm xkcd-script
mktextfm xkcd-script
mktextfm xkcd-script
mktextfm xkcd-script
mktextfm xkcd-script
mktextfm xkcd-script
mktextfm xkcd-script
mktextfm xkcd-script
mktextfm xkcd-script
mktextfm xkcd-script
mktextfm xkcd-script
mktextfm xkcd-script
mktextfm xkcd-script
mktextfm xkcd-script
mktextfm xkcd-script
mktextfm xkcd-script
mktextfm xkcd-script
mktextfm xkcd-script
mktextfm xkcd-script
mktextfm xkcd-script
mktextfm xkcd-script
mktextfm xkcd-script
mktextfm xkcd-script
mktextfm xkcd-script
mktextfm xkcd-script
mktextfm xkcd-script
mktextfm xkcd-script
mktextfm xkcd-script/BI
mktextfm xkcd-script
mktextfm xkcd-script/B
mktextfm xkcd-script
mktextfm xkcd-script/I
mktextfm xkcd-script
mktextfm xkcd-script
mktextfm xkcd-script
mktextfm xkcd-script
mktextfm xkcd-script
mktextfm xkcd-script/BI
mktextfm xkcd-script
mktextfm xkcd-script/B
mktextfm xkcd-script
mktextfm xkcd-script/I
mktextfm xkcd-script
mktextfm xkcd-script
mktextfm xkcd-script
mktextfm xkcd-script
mktextfm xkcd-script
mktextfm xkcd-script
mktextfm xkcd-script
mktextfm xkcd-script
mktextfm xkcd-script
mktextfm xkcd-script
mktextfm xkcd-script
mktextfm xkcd-script
mktextfm xkcd-script
mktextfm xkcd-script
mktextfm xkcd-script
mktextfm xkcd-script
mktextfm xkcd-script
mktextfm xkcd-script
mktextfm xkcd-script
mktextfm xkcd-script
mktextfm xkcd-script
mktextfm xkcd-script
mktextfm xkcd-script
mktextfm xkcd-script
mktextfm xkcd-script
mktextfm xkcd-script
